[2023-03-20 00:11:17] local.ERROR: The "--columns" option does not exist. {"exception":"[object] (Symfony\\Component\\Console\\Exception\\RuntimeException(code: 0): The \"--columns\" option does not exist. at D:\\Project\\Laravel\\locanna-pos-be\\vendor\\symfony\\console\\Input\\ArgvInput.php:217)
[stacktrace]
#0 D:\\Project\\Laravel\\locanna-pos-be\\vendor\\symfony\\console\\Input\\ArgvInput.php(144): Symfony\\Component\\Console\\Input\\ArgvInput->addLongOption()
#1 D:\\Project\\Laravel\\locanna-pos-be\\vendor\\symfony\\console\\Input\\ArgvInput.php(79): Symfony\\Component\\Console\\Input\\ArgvInput->parseLongOption()
#2 D:\\Project\\Laravel\\locanna-pos-be\\vendor\\symfony\\console\\Input\\ArgvInput.php(68): Symfony\\Component\\Console\\Input\\ArgvInput->parseToken()
#3 D:\\Project\\Laravel\\locanna-pos-be\\vendor\\symfony\\console\\Input\\Input.php(52): Symfony\\Component\\Console\\Input\\ArgvInput->parse()
#4 D:\\Project\\Laravel\\locanna-pos-be\\vendor\\symfony\\console\\Command\\Command.php(271): Symfony\\Component\\Console\\Input\\Input->bind()
#5 D:\\Project\\Laravel\\locanna-pos-be\\vendor\\laravel\\framework\\src\\Illuminate\\Console\\Command.php(153): Symfony\\Component\\Console\\Command\\Command->run()
#6 D:\\Project\\Laravel\\locanna-pos-be\\vendor\\symfony\\console\\Application.php(1022): Illuminate\\Console\\Command->run()
#7 D:\\Project\\Laravel\\locanna-pos-be\\vendor\\symfony\\console\\Application.php(314): Symfony\\Component\\Console\\Application->doRunCommand()
#8 D:\\Project\\Laravel\\locanna-pos-be\\vendor\\symfony\\console\\Application.php(168): Symfony\\Component\\Console\\Application->doRun()
#9 D:\\Project\\Laravel\\locanna-pos-be\\vendor\\laravel\\framework\\src\\Illuminate\\Console\\Application.php(102): Symfony\\Component\\Console\\Application->run()
#10 D:\\Project\\Laravel\\locanna-pos-be\\vendor\\laravel\\framework\\src\\Illuminate\\Foundation\\Console\\Kernel.php(155): Illuminate\\Console\\Application->run()
#11 D:\\Project\\Laravel\\locanna-pos-be\\artisan(37): Illuminate\\Foundation\\Console\\Kernel->handle()
#12 {main}
"} 
[2023-03-20 00:11:19] local.ERROR: The "--columns" option does not exist. {"exception":"[object] (Symfony\\Component\\Console\\Exception\\RuntimeException(code: 0): The \"--columns\" option does not exist. at D:\\Project\\Laravel\\locanna-pos-be\\vendor\\symfony\\console\\Input\\ArgvInput.php:217)
[stacktrace]
#0 D:\\Project\\Laravel\\locanna-pos-be\\vendor\\symfony\\console\\Input\\ArgvInput.php(144): Symfony\\Component\\Console\\Input\\ArgvInput->addLongOption()
#1 D:\\Project\\Laravel\\locanna-pos-be\\vendor\\symfony\\console\\Input\\ArgvInput.php(79): Symfony\\Component\\Console\\Input\\ArgvInput->parseLongOption()
#2 D:\\Project\\Laravel\\locanna-pos-be\\vendor\\symfony\\console\\Input\\ArgvInput.php(68): Symfony\\Component\\Console\\Input\\ArgvInput->parseToken()
#3 D:\\Project\\Laravel\\locanna-pos-be\\vendor\\symfony\\console\\Input\\Input.php(52): Symfony\\Component\\Console\\Input\\ArgvInput->parse()
#4 D:\\Project\\Laravel\\locanna-pos-be\\vendor\\symfony\\console\\Command\\Command.php(271): Symfony\\Component\\Console\\Input\\Input->bind()
#5 D:\\Project\\Laravel\\locanna-pos-be\\vendor\\laravel\\framework\\src\\Illuminate\\Console\\Command.php(153): Symfony\\Component\\Console\\Command\\Command->run()
#6 D:\\Project\\Laravel\\locanna-pos-be\\vendor\\symfony\\console\\Application.php(1022): Illuminate\\Console\\Command->run()
#7 D:\\Project\\Laravel\\locanna-pos-be\\vendor\\symfony\\console\\Application.php(314): Symfony\\Component\\Console\\Application->doRunCommand()
#8 D:\\Project\\Laravel\\locanna-pos-be\\vendor\\symfony\\console\\Application.php(168): Symfony\\Component\\Console\\Application->doRun()
#9 D:\\Project\\Laravel\\locanna-pos-be\\vendor\\laravel\\framework\\src\\Illuminate\\Console\\Application.php(102): Symfony\\Component\\Console\\Application->run()
#10 D:\\Project\\Laravel\\locanna-pos-be\\vendor\\laravel\\framework\\src\\Illuminate\\Foundation\\Console\\Kernel.php(155): Illuminate\\Console\\Application->run()
#11 D:\\Project\\Laravel\\locanna-pos-be\\artisan(37): Illuminate\\Foundation\\Console\\Kernel->handle()
#12 {main}
"} 
[2023-03-20 00:11:22] local.ERROR: The "--columns" option does not exist. {"exception":"[object] (Symfony\\Component\\Console\\Exception\\RuntimeException(code: 0): The \"--columns\" option does not exist. at D:\\Project\\Laravel\\locanna-pos-be\\vendor\\symfony\\console\\Input\\ArgvInput.php:217)
[stacktrace]
#0 D:\\Project\\Laravel\\locanna-pos-be\\vendor\\symfony\\console\\Input\\ArgvInput.php(144): Symfony\\Component\\Console\\Input\\ArgvInput->addLongOption()
#1 D:\\Project\\Laravel\\locanna-pos-be\\vendor\\symfony\\console\\Input\\ArgvInput.php(79): Symfony\\Component\\Console\\Input\\ArgvInput->parseLongOption()
#2 D:\\Project\\Laravel\\locanna-pos-be\\vendor\\symfony\\console\\Input\\ArgvInput.php(68): Symfony\\Component\\Console\\Input\\ArgvInput->parseToken()
#3 D:\\Project\\Laravel\\locanna-pos-be\\vendor\\symfony\\console\\Input\\Input.php(52): Symfony\\Component\\Console\\Input\\ArgvInput->parse()
#4 D:\\Project\\Laravel\\locanna-pos-be\\vendor\\symfony\\console\\Command\\Command.php(271): Symfony\\Component\\Console\\Input\\Input->bind()
#5 D:\\Project\\Laravel\\locanna-pos-be\\vendor\\laravel\\framework\\src\\Illuminate\\Console\\Command.php(153): Symfony\\Component\\Console\\Command\\Command->run()
#6 D:\\Project\\Laravel\\locanna-pos-be\\vendor\\symfony\\console\\Application.php(1022): Illuminate\\Console\\Command->run()
#7 D:\\Project\\Laravel\\locanna-pos-be\\vendor\\symfony\\console\\Application.php(314): Symfony\\Component\\Console\\Application->doRunCommand()
#8 D:\\Project\\Laravel\\locanna-pos-be\\vendor\\symfony\\console\\Application.php(168): Symfony\\Component\\Console\\Application->doRun()
#9 D:\\Project\\Laravel\\locanna-pos-be\\vendor\\laravel\\framework\\src\\Illuminate\\Console\\Application.php(102): Symfony\\Component\\Console\\Application->run()
#10 D:\\Project\\Laravel\\locanna-pos-be\\vendor\\laravel\\framework\\src\\Illuminate\\Foundation\\Console\\Kernel.php(155): Illuminate\\Console\\Application->run()
#11 D:\\Project\\Laravel\\locanna-pos-be\\artisan(37): Illuminate\\Foundation\\Console\\Kernel->handle()
#12 {main}
"} 
